#! /c/Source/iverilog-install/bin/vvp
:ivl_version "12.0 (devel)" "(s20150603-1539-g2693dd32b)";
:ivl_delay_selection "TYPICAL";
:vpi_time_precision + 0;
:vpi_module "C:\iverilog\lib\ivl\system.vpi";
:vpi_module "C:\iverilog\lib\ivl\vhdl_sys.vpi";
:vpi_module "C:\iverilog\lib\ivl\vhdl_textio.vpi";
:vpi_module "C:\iverilog\lib\ivl\v2005_math.vpi";
:vpi_module "C:\iverilog\lib\ivl\va_math.vpi";
S_000001c7dc996510 .scope module, "fifomemory" "fifomemory" 2 1;
 .timescale 0 0;
    .port_info 0 /OUTPUT 8 "data_out";
    .port_info 1 /INPUT 1 "empty";
    .port_info 2 /INPUT 1 "full";
    .port_info 3 /INPUT 1 "w_en";
    .port_info 4 /INPUT 1 "r_en";
    .port_info 5 /INPUT 8 "data_in";
    .port_info 6 /INPUT 1 "wclk";
    .port_info 7 /INPUT 1 "rclk";
    .port_info 8 /INPUT 4 "b_wptr";
    .port_info 9 /INPUT 4 "b_rptr";
P_000001c7dc9966a0 .param/l "DEPTH" 0 2 1, +C4<00000000000000000000000000001000>;
P_000001c7dc9966d8 .param/l "PTRWIDTH" 0 2 1, +C4<00000000000000000000000000000011>;
P_000001c7dc996710 .param/l "WIDTH" 0 2 1, +C4<00000000000000000000000000001000>;
o000001c7dc866fd8 .functor BUFZ 4, C4<zzzz>; HiZ drive
v000001c7dc996800_0 .net "b_rptr", 3 0, o000001c7dc866fd8;  0 drivers
o000001c7dc867008 .functor BUFZ 4, C4<zzzz>; HiZ drive
v000001c7dc996b40_0 .net "b_wptr", 3 0, o000001c7dc867008;  0 drivers
o000001c7dc867038 .functor BUFZ 8, C4<zzzzzzzz>; HiZ drive
v000001c7dc9969d0_0 .net "data_in", 7 0, o000001c7dc867038;  0 drivers
v000001c7dc863ac0_0 .var "data_out", 7 0;
o000001c7dc867098 .functor BUFZ 1, C4<z>; HiZ drive
v000001c7dc863b60_0 .net "empty", 0 0, o000001c7dc867098;  0 drivers
v000001c7dc863c00 .array "fifo", 7 0, 7 0;
o000001c7dc8670c8 .functor BUFZ 1, C4<z>; HiZ drive
v000001c7dc863ca0_0 .net "full", 0 0, o000001c7dc8670c8;  0 drivers
o000001c7dc8670f8 .functor BUFZ 1, C4<z>; HiZ drive
v000001c7dc863d40_0 .net "r_en", 0 0, o000001c7dc8670f8;  0 drivers
o000001c7dc867128 .functor BUFZ 1, C4<z>; HiZ drive
v000001c7dc863de0_0 .net "rclk", 0 0, o000001c7dc867128;  0 drivers
o000001c7dc867158 .functor BUFZ 1, C4<z>; HiZ drive
v000001c7dc863f10_0 .net "w_en", 0 0, o000001c7dc867158;  0 drivers
o000001c7dc867188 .functor BUFZ 1, C4<z>; HiZ drive
v000001c7dc863fb0_0 .net "wclk", 0 0, o000001c7dc867188;  0 drivers
E_000001c7dc866220 .event posedge, v000001c7dc863de0_0;
E_000001c7dc866420 .event posedge, v000001c7dc863fb0_0;
    .scope S_000001c7dc996510;
T_0 ;
    %wait E_000001c7dc866420;
    %load/vec4 v000001c7dc863f10_0;
    %load/vec4 v000001c7dc863ca0_0;
    %nor/r;
    %and;
    %flag_set/vec4 8;
    %jmp/0xz  T_0.0, 8;
    %load/vec4 v000001c7dc9969d0_0;
    %load/vec4 v000001c7dc996b40_0;
    %pad/u 5;
    %ix/vec4 3;
    %ix/load 4, 0, 0; Constant delay
    %assign/vec4/a/d v000001c7dc863c00, 0, 4;
T_0.0 ;
    %jmp T_0;
    .thread T_0;
    .scope S_000001c7dc996510;
T_1 ;
    %wait E_000001c7dc866220;
    %load/vec4 v000001c7dc863d40_0;
    %load/vec4 v000001c7dc863b60_0;
    %nor/r;
    %and;
    %flag_set/vec4 8;
    %jmp/0xz  T_1.0, 8;
    %load/vec4 v000001c7dc996800_0;
    %pad/u 5;
    %ix/vec4 4;
    %load/vec4a v000001c7dc863c00, 4;
    %assign/vec4 v000001c7dc863ac0_0, 0;
T_1.0 ;
    %jmp T_1;
    .thread T_1;
# The file index is used to find the file name in the following table.
:file_names 3;
    "N/A";
    "<interactive>";
    "fifomemory.v";
