#! /c/Source/iverilog-install/bin/vvp
:ivl_version "12.0 (devel)" "(s20150603-1539-g2693dd32b)";
:ivl_delay_selection "TYPICAL";
:vpi_time_precision + 0;
:vpi_module "C:\iverilog\lib\ivl\system.vpi";
:vpi_module "C:\iverilog\lib\ivl\vhdl_sys.vpi";
:vpi_module "C:\iverilog\lib\ivl\vhdl_textio.vpi";
:vpi_module "C:\iverilog\lib\ivl\v2005_math.vpi";
:vpi_module "C:\iverilog\lib\ivl\va_math.vpi";
S_000001c9bae16350 .scope module, "g2bconverter" "g2bconverter" 2 1;
 .timescale 0 0;
    .port_info 0 /OUTPUT 4 "d_out";
    .port_info 1 /INPUT 4 "d_in";
P_000001c9bae18c80 .param/l "width" 0 2 1, +C4<00000000000000000000000000000100>;
o000001c9baff71e8 .functor BUFZ 4, C4<zzzz>; HiZ drive
v000001c9baff2250_0 .net "d_in", 3 0, o000001c9baff71e8;  0 drivers
v000001c9baff2070_0 .net "d_out", 3 0, L_000001c9baff2390;  1 drivers
L_000001c9baff1c10 .part o000001c9baff71e8, 1, 3;
L_000001c9baff1d50 .part o000001c9baff71e8, 2, 2;
L_000001c9baff2390 .concat8 [ 1 1 1 1], L_000001c9baff1b70, L_000001c9baff2a70, L_000001c9baff1df0, L_000001c9baff2570;
L_000001c9baff2430 .part o000001c9baff71e8, 3, 1;
S_000001c9bae164e0 .scope generate, "genblk1[0]" "genblk1[0]" 2 4, 2 4 0, S_000001c9bae16350;
 .timescale 0 0;
P_000001c9bae18cc0 .param/l "i" 0 2 4, +C4<00>;
v000001c9bae16d70_0 .net *"_ivl_1", 0 0, L_000001c9baff1b70;  1 drivers
L_000001c9baff1b70 .reduce/xor o000001c9baff71e8;
S_000001c9bae16670 .scope generate, "genblk1[1]" "genblk1[1]" 2 4, 2 4 0, S_000001c9bae16350;
 .timescale 0 0;
P_000001c9bae18800 .param/l "i" 0 2 4, +C4<01>;
v000001c9bae1ea40_0 .net *"_ivl_0", 3 0, L_000001c9baff1cb0;  1 drivers
v000001c9bae1eae0_0 .net *"_ivl_1", 2 0, L_000001c9baff1c10;  1 drivers
L_000001c9bb03fff8 .functor BUFT 1, C4<0>, C4<0>, C4<0>, C4<0>;
v000001c9bae1eb80_0 .net *"_ivl_3", 0 0, L_000001c9bb03fff8;  1 drivers
v000001c9bae1ec20_0 .net *"_ivl_6", 0 0, L_000001c9baff2a70;  1 drivers
L_000001c9baff1cb0 .concat [ 3 1 0 0], L_000001c9baff1c10, L_000001c9bb03fff8;
L_000001c9baff2a70 .reduce/xor L_000001c9baff1cb0;
S_000001c9bae1ecc0 .scope generate, "genblk1[2]" "genblk1[2]" 2 4, 2 4 0, S_000001c9bae16350;
 .timescale 0 0;
P_000001c9bae18d00 .param/l "i" 0 2 4, +C4<010>;
v000001c9bae1ee50_0 .net *"_ivl_0", 3 0, L_000001c9baff22f0;  1 drivers
v000001c9bae1eef0_0 .net *"_ivl_1", 1 0, L_000001c9baff1d50;  1 drivers
L_000001c9bb040040 .functor BUFT 1, C4<00>, C4<0>, C4<0>, C4<0>;
v000001c9baff1710_0 .net *"_ivl_3", 1 0, L_000001c9bb040040;  1 drivers
v000001c9baff17b0_0 .net *"_ivl_6", 0 0, L_000001c9baff1df0;  1 drivers
L_000001c9baff22f0 .concat [ 2 2 0 0], L_000001c9baff1d50, L_000001c9bb040040;
L_000001c9baff1df0 .reduce/xor L_000001c9baff22f0;
S_000001c9baff1850 .scope generate, "genblk1[3]" "genblk1[3]" 2 4, 2 4 0, S_000001c9bae16350;
 .timescale 0 0;
P_000001c9bae189c0 .param/l "i" 0 2 4, +C4<011>;
v000001c9baff19e0_0 .net *"_ivl_0", 3 0, L_000001c9baff2110;  1 drivers
v000001c9baff1a80_0 .net *"_ivl_1", 0 0, L_000001c9baff2430;  1 drivers
L_000001c9bb040088 .functor BUFT 1, C4<000>, C4<0>, C4<0>, C4<0>;
v000001c9baff1fd0_0 .net *"_ivl_3", 2 0, L_000001c9bb040088;  1 drivers
v000001c9baff2610_0 .net *"_ivl_6", 0 0, L_000001c9baff2570;  1 drivers
L_000001c9baff2110 .concat [ 1 3 0 0], L_000001c9baff2430, L_000001c9bb040088;
L_000001c9baff2570 .reduce/xor L_000001c9baff2110;
# The file index is used to find the file name in the following table.
:file_names 3;
    "N/A";
    "<interactive>";
    "g2bconverter.v";
