#! /c/Source/iverilog-install/bin/vvp
:ivl_version "12.0 (devel)" "(s20150603-1539-g2693dd32b)";
:ivl_delay_selection "TYPICAL";
:vpi_time_precision + 0;
:vpi_module "C:\iverilog\lib\ivl\system.vpi";
:vpi_module "C:\iverilog\lib\ivl\vhdl_sys.vpi";
:vpi_module "C:\iverilog\lib\ivl\vhdl_textio.vpi";
:vpi_module "C:\iverilog\lib\ivl\v2005_math.vpi";
:vpi_module "C:\iverilog\lib\ivl\va_math.vpi";
S_000001de95196350 .scope module, "g2bconverter2" "g2bconverter2" 2 1;
 .timescale 0 0;
    .port_info 0 /OUTPUT 4 "data_out";
    .port_info 1 /INPUT 4 "data_in";
P_000001de951e6370 .param/l "width" 0 2 1, +C4<00000000000000000000000000000100>;
v000001de951e2b30_0 .net *"_ivl_16", 0 0, L_000001de951e4180;  1 drivers
o000001de951e7158 .functor BUFZ 4, C4<zzzz>; HiZ drive
v000001de951e2fe0_0 .net "data_in", 3 0, o000001de951e7158;  0 drivers
v000001de951e3080_0 .net "data_out", 3 0, L_000001de951e3f00;  1 drivers
L_000001de951e3120 .part L_000001de951e3f00, 3, 1;
L_000001de951e31c0 .part o000001de951e7158, 2, 1;
L_000001de951e3260 .part L_000001de951e3f00, 2, 1;
L_000001de951e3300 .part o000001de951e7158, 1, 1;
L_000001de951e3410 .part L_000001de951e3f00, 1, 1;
L_000001de951e40e0 .part o000001de951e7158, 0, 1;
L_000001de951e3f00 .concat8 [ 1 1 1 1], L_000001de951e44c0, L_000001de951e33a0, L_000001de95196940, L_000001de951e4180;
L_000001de951e4180 .part o000001de951e7158, 3, 1;
S_000001de951964e0 .scope generate, "genblk1[0]" "genblk1[0]" 2 5, 2 5 0, S_000001de95196350;
 .timescale 0 0;
P_000001de951e6630 .param/l "i" 0 2 5, +C4<00>;
L_000001de951e44c0 .functor XOR 1, L_000001de951e3410, L_000001de951e40e0, C4<0>, C4<0>;
v000001de95196d90_0 .net *"_ivl_0", 0 0, L_000001de951e3410;  1 drivers
v000001de9519ef30_0 .net *"_ivl_1", 0 0, L_000001de951e40e0;  1 drivers
v000001de9519cf70_0 .net *"_ivl_2", 0 0, L_000001de951e44c0;  1 drivers
S_000001de95196670 .scope generate, "genblk1[1]" "genblk1[1]" 2 5, 2 5 0, S_000001de95196350;
 .timescale 0 0;
P_000001de951e66f0 .param/l "i" 0 2 5, +C4<01>;
L_000001de951e33a0 .functor XOR 1, L_000001de951e3260, L_000001de951e3300, C4<0>, C4<0>;
v000001de9519b910_0 .net *"_ivl_0", 0 0, L_000001de951e3260;  1 drivers
v000001de9519a4c0_0 .net *"_ivl_1", 0 0, L_000001de951e3300;  1 drivers
v000001de951e2720_0 .net *"_ivl_2", 0 0, L_000001de951e33a0;  1 drivers
S_000001de951e27c0 .scope generate, "genblk1[2]" "genblk1[2]" 2 5, 2 5 0, S_000001de95196350;
 .timescale 0 0;
P_000001de951e5af0 .param/l "i" 0 2 5, +C4<010>;
L_000001de95196940 .functor XOR 1, L_000001de951e3120, L_000001de951e31c0, C4<0>, C4<0>;
v000001de951e2950_0 .net *"_ivl_0", 0 0, L_000001de951e3120;  1 drivers
v000001de951e29f0_0 .net *"_ivl_1", 0 0, L_000001de951e31c0;  1 drivers
v000001de951e2a90_0 .net *"_ivl_2", 0 0, L_000001de95196940;  1 drivers
# The file index is used to find the file name in the following table.
:file_names 3;
    "N/A";
    "<interactive>";
    "g2bconverter2.v";
