#! /c/Source/iverilog-install/bin/vvp
:ivl_version "12.0 (devel)" "(s20150603-1539-g2693dd32b)";
:ivl_delay_selection "TYPICAL";
:vpi_time_precision + 0;
:vpi_module "C:\iverilog\lib\ivl\system.vpi";
:vpi_module "C:\iverilog\lib\ivl\vhdl_sys.vpi";
:vpi_module "C:\iverilog\lib\ivl\vhdl_textio.vpi";
:vpi_module "C:\iverilog\lib\ivl\v2005_math.vpi";
:vpi_module "C:\iverilog\lib\ivl\va_math.vpi";
S_0000015f4d9e6510 .scope module, "readpointerhandler" "readpointerhandler" 2 2;
 .timescale 0 0;
    .port_info 0 /OUTPUT 4 "b_rptr";
    .port_info 1 /OUTPUT 4 "g_rptr";
    .port_info 2 /OUTPUT 1 "empty";
    .port_info 3 /INPUT 4 "g_wptr_sync";
    .port_info 4 /INPUT 1 "rrst_n";
    .port_info 5 /INPUT 1 "rclk";
    .port_info 6 /INPUT 1 "r_en";
P_0000015f4da26230 .param/l "PTRWIDTH" 0 2 2, +C4<00000000000000000000000000000011>;
L_0000015f4da275a0 .functor AND 4, L_0000015f4da86730, L_0000015f4da86af0, C4<1111>, C4<1111>;
v0000015f4da2c0e0_0 .net *"_ivl_0", 3 0, L_0000015f4da86730;  1 drivers
v0000015f4da2b640_0 .net *"_ivl_10", 3 0, L_0000015f4da275a0;  1 drivers
L_0000015f4da8f088 .functor BUFT 1, C4<000>, C4<0>, C4<0>, C4<0>;
v0000015f4da2c180_0 .net *"_ivl_3", 2 0, L_0000015f4da8f088;  1 drivers
v0000015f4da2b8c0_0 .net *"_ivl_5", 0 0, L_0000015f4da86190;  1 drivers
v0000015f4da2b960_0 .net *"_ivl_6", 3 0, L_0000015f4da86af0;  1 drivers
L_0000015f4da8f0d0 .functor BUFT 1, C4<000>, C4<0>, C4<0>, C4<0>;
v0000015f4da2ba00_0 .net *"_ivl_9", 2 0, L_0000015f4da8f0d0;  1 drivers
v0000015f4da2b820_0 .var "b_rptr", 3 0;
v0000015f4da2bb40_0 .net "b_rptr_next", 3 0, L_0000015f4da85e70;  1 drivers
v0000015f4da2c220_0 .net "binary", 3 0, L_0000015f4da85ab0;  1 drivers
v0000015f4da2bbe0_0 .var "empty", 0 0;
v0000015f4da2c2c0_0 .var "g_rptr", 3 0;
o0000015f4da3a1b8 .functor BUFZ 4, C4<zzzz>; HiZ drive
v0000015f4da2bc80_0 .net "g_wptr_sync", 3 0, o0000015f4da3a1b8;  0 drivers
o0000015f4da3a458 .functor BUFZ 1, C4<z>; HiZ drive
v0000015f4da2bd20_0 .net "r_en", 0 0, o0000015f4da3a458;  0 drivers
o0000015f4da3a488 .functor BUFZ 1, C4<z>; HiZ drive
v0000015f4da85dd0_0 .net "rclk", 0 0, o0000015f4da3a488;  0 drivers
o0000015f4da3a4b8 .functor BUFZ 1, C4<z>; HiZ drive
v0000015f4da85b50_0 .net "rrst_n", 0 0, o0000015f4da3a4b8;  0 drivers
E_0000015f4da267f0/0 .event negedge, v0000015f4da85b50_0;
E_0000015f4da267f0/1 .event posedge, v0000015f4da85dd0_0;
E_0000015f4da267f0 .event/or E_0000015f4da267f0/0, E_0000015f4da267f0/1;
L_0000015f4da86730 .concat [ 1 3 0 0], o0000015f4da3a458, L_0000015f4da8f088;
L_0000015f4da86190 .reduce/nor v0000015f4da2bbe0_0;
L_0000015f4da86af0 .concat [ 1 3 0 0], L_0000015f4da86190, L_0000015f4da8f0d0;
L_0000015f4da85e70 .arith/sum 4, v0000015f4da2b820_0, L_0000015f4da275a0;
S_0000015f4d9e66a0 .scope module, "uut" "g2bconverter2" 2 30, 3 1 0, S_0000015f4d9e6510;
 .timescale 0 0;
    .port_info 0 /OUTPUT 4 "data_out";
    .port_info 1 /INPUT 4 "data_in";
P_0000015f4da26a30 .param/l "width" 0 3 1, +C4<000000000000000000000000000000100>;
v0000015f4da2b780_0 .net *"_ivl_16", 0 0, L_0000015f4da86c30;  1 drivers
v0000015f4da2be60_0 .net "data_in", 3 0, o0000015f4da3a1b8;  alias, 0 drivers
v0000015f4da2c040_0 .net "data_out", 3 0, L_0000015f4da85ab0;  alias, 1 drivers
L_0000015f4da85d30 .part L_0000015f4da85ab0, 3, 1;
L_0000015f4da86b90 .part o0000015f4da3a1b8, 2, 1;
L_0000015f4da86cd0 .part L_0000015f4da85ab0, 2, 1;
L_0000015f4da86910 .part o0000015f4da3a1b8, 1, 1;
L_0000015f4da853d0 .part L_0000015f4da85ab0, 1, 1;
L_0000015f4da86f50 .part o0000015f4da3a1b8, 0, 1;
L_0000015f4da85ab0 .concat8 [ 1 1 1 1], L_0000015f4da27450, L_0000015f4da26f80, L_0000015f4da26f10, L_0000015f4da86c30;
L_0000015f4da86c30 .part o0000015f4da3a1b8, 3, 1;
S_0000015f4d9ebf00 .scope generate, "genblk1[0]" "genblk1[0]" 3 5, 3 5 0, S_0000015f4d9e66a0;
 .timescale 0 0;
P_0000015f4da261f0 .param/l "i" 0 3 5, +C4<00>;
L_0000015f4da27450 .functor XOR 1, L_0000015f4da853d0, L_0000015f4da86f50, C4<0>, C4<0>;
v0000015f4da2baa0_0 .net *"_ivl_0", 0 0, L_0000015f4da853d0;  1 drivers
v0000015f4da2c360_0 .net *"_ivl_1", 0 0, L_0000015f4da86f50;  1 drivers
v0000015f4da2c400_0 .net *"_ivl_2", 0 0, L_0000015f4da27450;  1 drivers
S_0000015f4d9ec090 .scope generate, "genblk1[1]" "genblk1[1]" 3 5, 3 5 0, S_0000015f4d9e66a0;
 .timescale 0 0;
P_0000015f4da26730 .param/l "i" 0 3 5, +C4<01>;
L_0000015f4da26f80 .functor XOR 1, L_0000015f4da86cd0, L_0000015f4da86910, C4<0>, C4<0>;
v0000015f4da2c540_0 .net *"_ivl_0", 0 0, L_0000015f4da86cd0;  1 drivers
v0000015f4da2bf00_0 .net *"_ivl_1", 0 0, L_0000015f4da86910;  1 drivers
v0000015f4da2bfa0_0 .net *"_ivl_2", 0 0, L_0000015f4da26f80;  1 drivers
S_0000015f4d9ec220 .scope generate, "genblk1[2]" "genblk1[2]" 3 5, 3 5 0, S_0000015f4d9e66a0;
 .timescale 0 0;
P_0000015f4da264b0 .param/l "i" 0 3 5, +C4<010>;
L_0000015f4da26f10 .functor XOR 1, L_0000015f4da85d30, L_0000015f4da86b90, C4<0>, C4<0>;
v0000015f4da2bdc0_0 .net *"_ivl_0", 0 0, L_0000015f4da85d30;  1 drivers
v0000015f4da2c4a0_0 .net *"_ivl_1", 0 0, L_0000015f4da86b90;  1 drivers
v0000015f4da2b6e0_0 .net *"_ivl_2", 0 0, L_0000015f4da26f10;  1 drivers
    .scope S_0000015f4d9e6510;
T_0 ;
    %wait E_0000015f4da267f0;
    %load/vec4 v0000015f4da85b50_0;
    %pad/u 32;
    %cmpi/e 0, 0, 32;
    %jmp/0xz  T_0.0, 4;
    %pushi/vec4 0, 0, 4;
    %assign/vec4 v0000015f4da2b820_0, 0;
    %pushi/vec4 0, 0, 4;
    %assign/vec4 v0000015f4da2c2c0_0, 0;
    %jmp T_0.1;
T_0.0 ;
    %load/vec4 v0000015f4da2bbe0_0;
    %nor/r;
    %load/vec4 v0000015f4da2bd20_0;
    %and;
    %flag_set/vec4 8;
    %jmp/0xz  T_0.2, 8;
    %load/vec4 v0000015f4da2bb40_0;
    %assign/vec4 v0000015f4da2b820_0, 0;
    %load/vec4 v0000015f4da2bb40_0;
    %load/vec4 v0000015f4da2bb40_0;
    %ix/load 4, 1, 0;
    %flag_set/imm 4, 0;
    %shiftr 4;
    %xor;
    %assign/vec4 v0000015f4da2c2c0_0, 0;
T_0.2 ;
T_0.1 ;
    %jmp T_0;
    .thread T_0;
    .scope S_0000015f4d9e6510;
T_1 ;
    %wait E_0000015f4da267f0;
    %load/vec4 v0000015f4da85b50_0;
    %pad/u 32;
    %cmpi/e 0, 0, 32;
    %jmp/0xz  T_1.0, 4;
    %pushi/vec4 0, 0, 1;
    %cassign/vec4 v0000015f4da2bbe0_0;
    %jmp T_1.1;
T_1.0 ;
    %load/vec4 v0000015f4da2b820_0;
    %load/vec4 v0000015f4da2c220_0;
    %cmp/e;
    %flag_get/vec4 4;
    %store/vec4 v0000015f4da2bbe0_0, 0, 1;
T_1.1 ;
    %jmp T_1;
    .thread T_1;
# The file index is used to find the file name in the following table.
:file_names 4;
    "N/A";
    "<interactive>";
    "readpointerhandler.v";
    "./g2bconverter2.v";
