#! /c/Source/iverilog-install/bin/vvp
:ivl_version "12.0 (devel)" "(s20150603-1539-g2693dd32b)";
:ivl_delay_selection "TYPICAL";
:vpi_time_precision + 0;
:vpi_module "C:\iverilog\lib\ivl\system.vpi";
:vpi_module "C:\iverilog\lib\ivl\vhdl_sys.vpi";
:vpi_module "C:\iverilog\lib\ivl\vhdl_textio.vpi";
:vpi_module "C:\iverilog\lib\ivl\v2005_math.vpi";
:vpi_module "C:\iverilog\lib\ivl\va_math.vpi";
S_0000018441da28c0 .scope module, "tb_asyncfifo" "tb_asyncfifo" 2 3;
 .timescale 0 0;
P_0000018441dcd800 .param/l "DATA_WIDTH" 0 2 5, +C4<00000000000000000000000000001000>;
P_0000018441dcd838 .param/l "DEPTH" 0 2 6, +C4<00000000000000000000000000001000>;
v0000018441e3f530_0 .var "data_in", 7 0;
v0000018441e3fd50_0 .net "data_out", 7 0, v0000018441dddef0_0;  1 drivers
v0000018441e3ff30_0 .net "empty", 0 0, v0000018441dddb30_0;  1 drivers
v0000018441e3e810_0 .net "full", 0 0, v0000018441e3ef90_0;  1 drivers
v0000018441e3e950_0 .var "r_en", 0 0;
v0000018441e3e9f0_0 .var "rclk", 0 0;
v0000018441e3f210_0 .var "rrst_n", 0 0;
v0000018441e3f5d0_0 .var "w_en", 0 0;
v0000018441e3f8f0_0 .var "wclk", 0 0;
v0000018441e3fa30_0 .var "wrst_n", 0 0;
S_0000018441de12d0 .scope module, "as_fifo" "asynchronous_fifo" 2 17, 3 7 0, S_0000018441da28c0;
 .timescale 0 0;
    .port_info 0 /OUTPUT 8 "data_out";
    .port_info 1 /OUTPUT 1 "full";
    .port_info 2 /OUTPUT 1 "empty";
    .port_info 3 /INPUT 8 "data_in";
    .port_info 4 /INPUT 1 "wclk";
    .port_info 5 /INPUT 1 "wrst_n";
    .port_info 6 /INPUT 1 "rclk";
    .port_info 7 /INPUT 1 "rrst_n";
    .port_info 8 /INPUT 1 "w_en";
    .port_info 9 /INPUT 1 "r_en";
P_0000018441dcac50 .param/l "DATA_WIDTH" 0 3 7, +C4<00000000000000000000000000001000>;
P_0000018441dcac88 .param/l "DEPTH" 0 3 7, +C4<00000000000000000000000000001000>;
P_0000018441dcacc0 .param/l "PTR_WIDTH" 0 3 19, +C4<00000000000000000000000000000011>;
v0000018441e3eb30_0 .net "b_rptr", 3 0, v0000018441ddda90_0;  1 drivers
v0000018441e3e8b0_0 .net "b_wptr", 3 0, v0000018441e3e6d0_0;  1 drivers
v0000018441e3f490_0 .net "data_in", 7 0, v0000018441e3f530_0;  1 drivers
v0000018441e3eef0_0 .net "data_out", 7 0, v0000018441dddef0_0;  alias, 1 drivers
v0000018441e3ed10_0 .net "empty", 0 0, v0000018441dddb30_0;  alias, 1 drivers
v0000018441e3fdf0_0 .net "full", 0 0, v0000018441e3ef90_0;  alias, 1 drivers
v0000018441e3f2b0_0 .net "g_rptr", 3 0, v0000018441dddc70_0;  1 drivers
v0000018441e3e450_0 .net "g_rptr_sync", 3 0, v0000018441ddc910_0;  1 drivers
v0000018441e3e270_0 .net "g_wptr", 3 0, v0000018441e3f710_0;  1 drivers
v0000018441e3e630_0 .net "g_wptr_sync", 3 0, v0000018441ddd270_0;  1 drivers
v0000018441e3f0d0_0 .net "r_en", 0 0, v0000018441e3e950_0;  1 drivers
v0000018441e3e130_0 .net "rclk", 0 0, v0000018441e3e9f0_0;  1 drivers
v0000018441e3e310_0 .net "rrst_n", 0 0, v0000018441e3f210_0;  1 drivers
v0000018441e3ea90_0 .net "w_en", 0 0, v0000018441e3f5d0_0;  1 drivers
v0000018441e3f170_0 .net "wclk", 0 0, v0000018441e3f8f0_0;  1 drivers
v0000018441e3fcb0_0 .net "wrst_n", 0 0, v0000018441e3fa30_0;  1 drivers
S_0000018441dafb50 .scope module, "fifom" "fifomemory" 3 56, 4 1 0, S_0000018441de12d0;
 .timescale 0 0;
    .port_info 0 /OUTPUT 8 "data_out";
    .port_info 1 /INPUT 1 "empty";
    .port_info 2 /INPUT 1 "full";
    .port_info 3 /INPUT 1 "w_en";
    .port_info 4 /INPUT 1 "r_en";
    .port_info 5 /INPUT 8 "data_in";
    .port_info 6 /INPUT 1 "wclk";
    .port_info 7 /INPUT 1 "rclk";
    .port_info 8 /INPUT 4 "b_wptr";
    .port_info 9 /INPUT 4 "b_rptr";
P_0000018441de4220 .param/l "DEPTH" 0 4 1, +C4<00000000000000000000000000001000>;
P_0000018441de4258 .param/l "PTRWIDTH" 0 4 1, +C4<00000000000000000000000000000011>;
P_0000018441de4290 .param/l "WIDTH" 0 4 1, +C4<00000000000000000000000000001000>;
v0000018441ddc190_0 .net "b_rptr", 3 0, v0000018441ddda90_0;  alias, 1 drivers
v0000018441ddc690_0 .net "b_wptr", 3 0, v0000018441e3e6d0_0;  alias, 1 drivers
v0000018441ddc230_0 .net "data_in", 7 0, v0000018441e3f530_0;  alias, 1 drivers
v0000018441dddef0_0 .var "data_out", 7 0;
v0000018441ddd8b0_0 .net "empty", 0 0, v0000018441dddb30_0;  alias, 1 drivers
v0000018441ddc2d0 .array "fifo", 7 0, 7 0;
v0000018441ddd950_0 .net "full", 0 0, v0000018441e3ef90_0;  alias, 1 drivers
v0000018441ddcff0_0 .net "r_en", 0 0, v0000018441e3e950_0;  alias, 1 drivers
v0000018441dde030_0 .net "rclk", 0 0, v0000018441e3e9f0_0;  alias, 1 drivers
v0000018441ddcf50_0 .net "w_en", 0 0, v0000018441e3f5d0_0;  alias, 1 drivers
v0000018441ddd630_0 .net "wclk", 0 0, v0000018441e3f8f0_0;  alias, 1 drivers
E_0000018441ddf420 .event posedge, v0000018441dde030_0;
E_0000018441ddffa0 .event posedge, v0000018441ddd630_0;
S_0000018441dafce0 .scope module, "rptr_h" "readpointerhandler" 3 45, 5 2 0, S_0000018441de12d0;
 .timescale 0 0;
    .port_info 0 /OUTPUT 4 "b_rptr";
    .port_info 1 /OUTPUT 4 "g_rptr";
    .port_info 2 /OUTPUT 1 "empty";
    .port_info 3 /INPUT 4 "g_wptr_sync";
    .port_info 4 /INPUT 1 "rrst_n";
    .port_info 5 /INPUT 1 "rclk";
    .port_info 6 /INPUT 1 "r_en";
P_0000018441ddf8a0 .param/l "PTRWIDTH" 0 5 2, +C4<00000000000000000000000000000011>;
L_0000018441dd44c0 .functor AND 4, L_0000018441e43ae0, L_0000018441e432c0, C4<1111>, C4<1111>;
v0000018441ddca50_0 .net *"_ivl_0", 3 0, L_0000018441e43ae0;  1 drivers
v0000018441ddd590_0 .net *"_ivl_10", 3 0, L_0000018441dd44c0;  1 drivers
L_0000018441e60118 .functor BUFT 1, C4<000>, C4<0>, C4<0>, C4<0>;
v0000018441ddd3b0_0 .net *"_ivl_3", 2 0, L_0000018441e60118;  1 drivers
v0000018441dddbd0_0 .net *"_ivl_5", 0 0, L_0000018441e444e0;  1 drivers
v0000018441ddd1d0_0 .net *"_ivl_6", 3 0, L_0000018441e432c0;  1 drivers
L_0000018441e60160 .functor BUFT 1, C4<000>, C4<0>, C4<0>, C4<0>;
v0000018441ddde50_0 .net *"_ivl_9", 2 0, L_0000018441e60160;  1 drivers
v0000018441ddda90_0 .var "b_rptr", 3 0;
v0000018441ddd450_0 .net "b_rptr_next", 3 0, L_0000018441e443a0;  1 drivers
v0000018441ddc370_0 .net "binary", 3 0, L_0000018441e434a0;  1 drivers
v0000018441dddb30_0 .var "empty", 0 0;
v0000018441dddc70_0 .var "g_rptr", 3 0;
v0000018441dddf90_0 .net "g_wptr_sync", 3 0, v0000018441ddd270_0;  alias, 1 drivers
v0000018441ddc4b0_0 .net "r_en", 0 0, v0000018441e3e950_0;  alias, 1 drivers
v0000018441dddd10_0 .net "rclk", 0 0, v0000018441e3e9f0_0;  alias, 1 drivers
v0000018441ddddb0_0 .net "rrst_n", 0 0, v0000018441e3f210_0;  alias, 1 drivers
E_0000018441ddf6a0/0 .event negedge, v0000018441ddddb0_0;
E_0000018441ddf6a0/1 .event posedge, v0000018441dde030_0;
E_0000018441ddf6a0 .event/or E_0000018441ddf6a0/0, E_0000018441ddf6a0/1;
L_0000018441e43ae0 .concat [ 1 3 0 0], v0000018441e3e950_0, L_0000018441e60118;
L_0000018441e444e0 .reduce/nor v0000018441dddb30_0;
L_0000018441e432c0 .concat [ 1 3 0 0], L_0000018441e444e0, L_0000018441e60160;
L_0000018441e443a0 .arith/sum 4, v0000018441ddda90_0, L_0000018441dd44c0;
S_0000018441db5450 .scope module, "uut" "g2bconverter2" 5 30, 6 1 0, S_0000018441dafce0;
 .timescale 0 0;
    .port_info 0 /OUTPUT 4 "data_out";
    .port_info 1 /INPUT 4 "data_in";
P_0000018441ddf720 .param/l "width" 0 6 1, +C4<000000000000000000000000000000100>;
v0000018441ddd810_0 .net *"_ivl_16", 0 0, L_0000018441e43ea0;  1 drivers
v0000018441ddd6d0_0 .net "data_in", 3 0, v0000018441ddd270_0;  alias, 1 drivers
v0000018441ddc7d0_0 .net "data_out", 3 0, L_0000018441e434a0;  alias, 1 drivers
L_0000018441e43e00 .part L_0000018441e434a0, 3, 1;
L_0000018441e44260 .part v0000018441ddd270_0, 2, 1;
L_0000018441e43fe0 .part L_0000018441e434a0, 2, 1;
L_0000018441e44440 .part v0000018441ddd270_0, 1, 1;
L_0000018441e426e0 .part L_0000018441e434a0, 1, 1;
L_0000018441e42f00 .part v0000018441ddd270_0, 0, 1;
L_0000018441e434a0 .concat8 [ 1 1 1 1], L_0000018441dd4840, L_0000018441dd43e0, L_0000018441dd4370, L_0000018441e43ea0;
L_0000018441e43ea0 .part v0000018441ddd270_0, 3, 1;
S_0000018441db55e0 .scope generate, "genblk1[0]" "genblk1[0]" 6 5, 6 5 0, S_0000018441db5450;
 .timescale 0 0;
P_0000018441ddfee0 .param/l "i" 0 6 5, +C4<00>;
L_0000018441dd4840 .functor XOR 1, L_0000018441e426e0, L_0000018441e42f00, C4<0>, C4<0>;
v0000018441ddd310_0 .net *"_ivl_0", 0 0, L_0000018441e426e0;  1 drivers
v0000018441ddc730_0 .net *"_ivl_1", 0 0, L_0000018441e42f00;  1 drivers
v0000018441ddccd0_0 .net *"_ivl_2", 0 0, L_0000018441dd4840;  1 drivers
S_0000018441dc0700 .scope generate, "genblk1[1]" "genblk1[1]" 6 5, 6 5 0, S_0000018441db5450;
 .timescale 0 0;
P_0000018441ddfe20 .param/l "i" 0 6 5, +C4<01>;
L_0000018441dd43e0 .functor XOR 1, L_0000018441e43fe0, L_0000018441e44440, C4<0>, C4<0>;
v0000018441ddc9b0_0 .net *"_ivl_0", 0 0, L_0000018441e43fe0;  1 drivers
v0000018441ddd9f0_0 .net *"_ivl_1", 0 0, L_0000018441e44440;  1 drivers
v0000018441ddcd70_0 .net *"_ivl_2", 0 0, L_0000018441dd43e0;  1 drivers
S_0000018441dc0890 .scope generate, "genblk1[2]" "genblk1[2]" 6 5, 6 5 0, S_0000018441db5450;
 .timescale 0 0;
P_0000018441ddf660 .param/l "i" 0 6 5, +C4<010>;
L_0000018441dd4370 .functor XOR 1, L_0000018441e43e00, L_0000018441e44260, C4<0>, C4<0>;
v0000018441ddd770_0 .net *"_ivl_0", 0 0, L_0000018441e43e00;  1 drivers
v0000018441ddd4f0_0 .net *"_ivl_1", 0 0, L_0000018441e44260;  1 drivers
v0000018441ddce10_0 .net *"_ivl_2", 0 0, L_0000018441dd4370;  1 drivers
S_0000018441d5db40 .scope module, "sync_rptr" "two_fsynchroniser" 3 31, 7 1 0, S_0000018441de12d0;
 .timescale 0 0;
    .port_info 0 /OUTPUT 4 "sync_out";
    .port_info 1 /INPUT 4 "data_in";
    .port_info 2 /INPUT 1 "clk";
    .port_info 3 /INPUT 1 "reset_n";
P_0000018441ddf7e0 .param/l "WIDTH" 0 7 1, +C4<00000000000000000000000000000011>;
v0000018441ddc870_0 .net "clk", 0 0, v0000018441e3f8f0_0;  alias, 1 drivers
v0000018441ddd090_0 .net "data_in", 3 0, v0000018441dddc70_0;  alias, 1 drivers
v0000018441ddc5f0_0 .var "q1", 3 0;
v0000018441ddc410_0 .net "reset_n", 0 0, v0000018441e3fa30_0;  alias, 1 drivers
v0000018441ddc910_0 .var "sync_out", 3 0;
S_0000018441d5dcd0 .scope module, "sync_wptr" "two_fsynchroniser" 3 30, 7 1 0, S_0000018441de12d0;
 .timescale 0 0;
    .port_info 0 /OUTPUT 4 "sync_out";
    .port_info 1 /INPUT 4 "data_in";
    .port_info 2 /INPUT 1 "clk";
    .port_info 3 /INPUT 1 "reset_n";
P_0000018441ddffe0 .param/l "WIDTH" 0 7 1, +C4<00000000000000000000000000000011>;
v0000018441ddc550_0 .net "clk", 0 0, v0000018441e3e9f0_0;  alias, 1 drivers
v0000018441ddcaf0_0 .net "data_in", 3 0, v0000018441e3f710_0;  alias, 1 drivers
v0000018441ddcb90_0 .var "q1", 3 0;
v0000018441ddd130_0 .net "reset_n", 0 0, v0000018441e3f210_0;  alias, 1 drivers
v0000018441ddd270_0 .var "sync_out", 3 0;
S_0000018441dacd60 .scope module, "wptr_h" "writepointerhandler" 3 34, 8 2 0, S_0000018441de12d0;
 .timescale 0 0;
    .port_info 0 /OUTPUT 4 "b_wptr";
    .port_info 1 /OUTPUT 4 "g_wptr";
    .port_info 2 /OUTPUT 1 "full";
    .port_info 3 /INPUT 4 "g_rptr_sync";
    .port_info 4 /INPUT 1 "wrst_n";
    .port_info 5 /INPUT 1 "wclk";
    .port_info 6 /INPUT 1 "w_en";
P_0000018441ddf3a0 .param/l "PTRWIDTH" 0 8 2, +C4<00000000000000000000000000000011>;
L_0000018441dd4140 .functor AND 4, L_0000018441e42aa0, L_0000018441e43c20, C4<1111>, C4<1111>;
v0000018441e3f850_0 .net *"_ivl_0", 3 0, L_0000018441e42aa0;  1 drivers
v0000018441e3f990_0 .net *"_ivl_10", 3 0, L_0000018441dd4140;  1 drivers
L_0000018441e60088 .functor BUFT 1, C4<000>, C4<0>, C4<0>, C4<0>;
v0000018441e3fe90_0 .net *"_ivl_3", 2 0, L_0000018441e60088;  1 drivers
v0000018441e3f670_0 .net *"_ivl_5", 0 0, L_0000018441e44120;  1 drivers
v0000018441e3f3f0_0 .net *"_ivl_6", 3 0, L_0000018441e43c20;  1 drivers
L_0000018441e600d0 .functor BUFT 1, C4<000>, C4<0>, C4<0>, C4<0>;
v0000018441e3e590_0 .net *"_ivl_9", 2 0, L_0000018441e600d0;  1 drivers
v0000018441e3e6d0_0 .var "b_wptr", 3 0;
v0000018441e3fb70_0 .net "b_wptr_next", 3 0, L_0000018441e43d60;  1 drivers
v0000018441e3fad0_0 .net "binary", 3 0, L_0000018441e42780;  1 drivers
v0000018441e3ef90_0 .var "full", 0 0;
v0000018441e3e090_0 .net "g_rptr_sync", 3 0, v0000018441ddc910_0;  alias, 1 drivers
v0000018441e3f710_0 .var "g_wptr", 3 0;
v0000018441e3ebd0_0 .net "w_en", 0 0, v0000018441e3f5d0_0;  alias, 1 drivers
v0000018441e3ee50_0 .net "wclk", 0 0, v0000018441e3f8f0_0;  alias, 1 drivers
v0000018441e3fc10_0 .net "wrst_n", 0 0, v0000018441e3fa30_0;  alias, 1 drivers
E_0000018441ddf5e0/0 .event negedge, v0000018441ddc410_0;
E_0000018441ddf5e0/1 .event posedge, v0000018441ddd630_0;
E_0000018441ddf5e0 .event/or E_0000018441ddf5e0/0, E_0000018441ddf5e0/1;
L_0000018441e42aa0 .concat [ 1 3 0 0], v0000018441e3f5d0_0, L_0000018441e60088;
L_0000018441e44120 .reduce/nor v0000018441e3ef90_0;
L_0000018441e43c20 .concat [ 1 3 0 0], L_0000018441e44120, L_0000018441e600d0;
L_0000018441e43d60 .arith/sum 4, v0000018441e3e6d0_0, L_0000018441dd4140;
S_0000018441dacef0 .scope module, "uut2" "g2bconverter2" 8 34, 6 1 0, S_0000018441dacd60;
 .timescale 0 0;
    .port_info 0 /OUTPUT 4 "data_out";
    .port_info 1 /INPUT 4 "data_in";
P_0000018441de00e0 .param/l "width" 0 6 1, +C4<000000000000000000000000000000100>;
v0000018441e3f030_0 .net *"_ivl_16", 0 0, L_0000018441e42820;  1 drivers
v0000018441e3edb0_0 .net "data_in", 3 0, v0000018441ddc910_0;  alias, 1 drivers
v0000018441e3f7b0_0 .net "data_out", 3 0, L_0000018441e42780;  alias, 1 drivers
L_0000018441e42a00 .part L_0000018441e42780, 3, 1;
L_0000018441e44300 .part v0000018441ddc910_0, 2, 1;
L_0000018441e43860 .part L_0000018441e42780, 2, 1;
L_0000018441e43b80 .part v0000018441ddc910_0, 1, 1;
L_0000018441e44080 .part L_0000018441e42780, 1, 1;
L_0000018441e42640 .part v0000018441ddc910_0, 0, 1;
L_0000018441e42780 .concat8 [ 1 1 1 1], L_0000018441dd4300, L_0000018441dd4ed0, L_0000018441dd47d0, L_0000018441e42820;
L_0000018441e42820 .part v0000018441ddc910_0, 3, 1;
S_0000018441dba720 .scope generate, "genblk1[0]" "genblk1[0]" 6 5, 6 5 0, S_0000018441dacef0;
 .timescale 0 0;
P_0000018441ddf860 .param/l "i" 0 6 5, +C4<00>;
L_0000018441dd4300 .functor XOR 1, L_0000018441e44080, L_0000018441e42640, C4<0>, C4<0>;
v0000018441dd5b40_0 .net *"_ivl_0", 0 0, L_0000018441e44080;  1 drivers
v0000018441dd6040_0 .net *"_ivl_1", 0 0, L_0000018441e42640;  1 drivers
v0000018441dd5640_0 .net *"_ivl_2", 0 0, L_0000018441dd4300;  1 drivers
S_0000018441dba8b0 .scope generate, "genblk1[1]" "genblk1[1]" 6 5, 6 5 0, S_0000018441dacef0;
 .timescale 0 0;
P_0000018441de01e0 .param/l "i" 0 6 5, +C4<01>;
L_0000018441dd4ed0 .functor XOR 1, L_0000018441e43860, L_0000018441e43b80, C4<0>, C4<0>;
v0000018441dd60e0_0 .net *"_ivl_0", 0 0, L_0000018441e43860;  1 drivers
v0000018441e3e1d0_0 .net *"_ivl_1", 0 0, L_0000018441e43b80;  1 drivers
v0000018441e3ec70_0 .net *"_ivl_2", 0 0, L_0000018441dd4ed0;  1 drivers
S_0000018441d564b0 .scope generate, "genblk1[2]" "genblk1[2]" 6 5, 6 5 0, S_0000018441dacef0;
 .timescale 0 0;
P_0000018441ddf620 .param/l "i" 0 6 5, +C4<010>;
L_0000018441dd47d0 .functor XOR 1, L_0000018441e42a00, L_0000018441e44300, C4<0>, C4<0>;
v0000018441e3e4f0_0 .net *"_ivl_0", 0 0, L_0000018441e42a00;  1 drivers
v0000018441e3f350_0 .net *"_ivl_1", 0 0, L_0000018441e44300;  1 drivers
v0000018441e3e3b0_0 .net *"_ivl_2", 0 0, L_0000018441dd47d0;  1 drivers
S_0000018441d56640 .scope task, "read_data" "read_data" 2 53, 2 53 0, S_0000018441da28c0;
 .timescale 0 0;
TD_tb_asyncfifo.read_data ;
    %wait E_0000018441ddf420;
    %load/vec4 v0000018441e3ff30_0;
    %nor/r;
    %flag_set/vec4 8;
    %jmp/0xz  T_0.0, 8;
    %pushi/vec4 1, 0, 1;
    %store/vec4 v0000018441e3e950_0, 0, 1;
    %wait E_0000018441ddf420;
    %pushi/vec4 0, 0, 1;
    %store/vec4 v0000018441e3e950_0, 0, 1;
    %vpi_call 2 60 "$display", "Time %0t: Read data = %h", $time, v0000018441e3fd50_0 {0 0 0};
    %jmp T_0.1;
T_0.0 ;
    %vpi_call 2 62 "$display", "Time %0t: FIFO is empty. Cannot read data", $time {0 0 0};
T_0.1 ;
    %end;
S_0000018441e42460 .scope task, "write_data" "write_data" 2 37, 2 37 0, S_0000018441da28c0;
 .timescale 0 0;
v0000018441e3e770_0 .var "data", 7 0;
TD_tb_asyncfifo.write_data ;
    %wait E_0000018441ddffa0;
    %load/vec4 v0000018441e3e810_0;
    %nor/r;
    %flag_set/vec4 8;
    %jmp/0xz  T_1.2, 8;
    %pushi/vec4 1, 0, 1;
    %store/vec4 v0000018441e3f5d0_0, 0, 1;
    %load/vec4 v0000018441e3e770_0;
    %store/vec4 v0000018441e3f530_0, 0, 8;
    %wait E_0000018441ddffa0;
    %pushi/vec4 0, 0, 1;
    %store/vec4 v0000018441e3f5d0_0, 0, 1;
    %vpi_call 2 45 "$display", "Time %0t: Wrote data = %h", $time, v0000018441e3e770_0 {0 0 0};
    %jmp T_1.3;
T_1.2 ;
    %vpi_call 2 47 "$display", "Time %0t: FIFO is full. Cannot write data = %h", $time, v0000018441e3e770_0 {0 0 0};
T_1.3 ;
    %end;
    .scope S_0000018441d5dcd0;
T_2 ;
    %wait E_0000018441ddf420;
    %load/vec4 v0000018441ddd130_0;
    %pad/u 32;
    %cmpi/e 0, 0, 32;
    %jmp/0xz  T_2.0, 4;
    %pushi/vec4 0, 0, 4;
    %assign/vec4 v0000018441ddcb90_0, 0;
    %pushi/vec4 0, 0, 4;
    %assign/vec4 v0000018441ddd270_0, 0;
    %jmp T_2.1;
T_2.0 ;
    %load/vec4 v0000018441ddcaf0_0;
    %assign/vec4 v0000018441ddcb90_0, 0;
    %load/vec4 v0000018441ddcb90_0;
    %assign/vec4 v0000018441ddd270_0, 0;
T_2.1 ;
    %jmp T_2;
    .thread T_2;
    .scope S_0000018441d5db40;
T_3 ;
    %wait E_0000018441ddffa0;
    %load/vec4 v0000018441ddc410_0;
    %pad/u 32;
    %cmpi/e 0, 0, 32;
    %jmp/0xz  T_3.0, 4;
    %pushi/vec4 0, 0, 4;
    %assign/vec4 v0000018441ddc5f0_0, 0;
    %pushi/vec4 0, 0, 4;
    %assign/vec4 v0000018441ddc910_0, 0;
    %jmp T_3.1;
T_3.0 ;
    %load/vec4 v0000018441ddd090_0;
    %assign/vec4 v0000018441ddc5f0_0, 0;
    %load/vec4 v0000018441ddc5f0_0;
    %assign/vec4 v0000018441ddc910_0, 0;
T_3.1 ;
    %jmp T_3;
    .thread T_3;
    .scope S_0000018441dacd60;
T_4 ;
    %wait E_0000018441ddf5e0;
    %load/vec4 v0000018441e3fc10_0;
    %pad/u 32;
    %cmpi/e 0, 0, 32;
    %jmp/0xz  T_4.0, 4;
    %pushi/vec4 0, 0, 4;
    %assign/vec4 v0000018441e3e6d0_0, 0;
    %pushi/vec4 0, 0, 4;
    %assign/vec4 v0000018441e3f710_0, 0;
    %pushi/vec4 0, 0, 1;
    %assign/vec4 v0000018441e3ef90_0, 0;
    %jmp T_4.1;
T_4.0 ;
    %load/vec4 v0000018441e3ef90_0;
    %nor/r;
    %flag_set/vec4 9;
    %flag_get/vec4 9;
    %jmp/0 T_4.4, 9;
    %load/vec4 v0000018441e3ebd0_0;
    %and;
T_4.4;
    %flag_set/vec4 8;
    %jmp/0xz  T_4.2, 8;
    %load/vec4 v0000018441e3fb70_0;
    %assign/vec4 v0000018441e3e6d0_0, 0;
    %load/vec4 v0000018441e3fb70_0;
    %load/vec4 v0000018441e3fb70_0;
    %ix/load 4, 1, 0;
    %flag_set/imm 4, 0;
    %shiftr 4;
    %xor;
    %assign/vec4 v0000018441e3f710_0, 0;
T_4.2 ;
T_4.1 ;
    %jmp T_4;
    .thread T_4;
    .scope S_0000018441dacd60;
T_5 ;
    %wait E_0000018441ddf5e0;
    %load/vec4 v0000018441e3e6d0_0;
    %parti/s 1, 3, 3;
    %load/vec4 v0000018441e3fad0_0;
    %parti/s 1, 3, 3;
    %cmp/ne;
    %flag_get/vec4 4;
    %load/vec4 v0000018441e3e6d0_0;
    %parti/s 3, 0, 2;
    %load/vec4 v0000018441e3fad0_0;
    %parti/s 3, 0, 2;
    %cmp/e;
    %flag_get/vec4 4;
    %and;
    %assign/vec4 v0000018441e3ef90_0, 0;
    %jmp T_5;
    .thread T_5;
    .scope S_0000018441dafce0;
T_6 ;
    %wait E_0000018441ddf6a0;
    %load/vec4 v0000018441ddddb0_0;
    %pad/u 32;
    %cmpi/e 0, 0, 32;
    %jmp/0xz  T_6.0, 4;
    %pushi/vec4 0, 0, 4;
    %assign/vec4 v0000018441ddda90_0, 0;
    %pushi/vec4 0, 0, 4;
    %assign/vec4 v0000018441dddc70_0, 0;
    %jmp T_6.1;
T_6.0 ;
    %load/vec4 v0000018441dddb30_0;
    %nor/r;
    %load/vec4 v0000018441ddc4b0_0;
    %and;
    %flag_set/vec4 8;
    %jmp/0xz  T_6.2, 8;
    %load/vec4 v0000018441ddd450_0;
    %assign/vec4 v0000018441ddda90_0, 0;
    %load/vec4 v0000018441ddd450_0;
    %load/vec4 v0000018441ddd450_0;
    %ix/load 4, 1, 0;
    %flag_set/imm 4, 0;
    %shiftr 4;
    %xor;
    %assign/vec4 v0000018441dddc70_0, 0;
T_6.2 ;
T_6.1 ;
    %jmp T_6;
    .thread T_6;
    .scope S_0000018441dafce0;
T_7 ;
    %wait E_0000018441ddf6a0;
    %load/vec4 v0000018441ddda90_0;
    %load/vec4 v0000018441ddc370_0;
    %cmp/e;
    %flag_get/vec4 4;
    %assign/vec4 v0000018441dddb30_0, 0;
    %jmp T_7;
    .thread T_7;
    .scope S_0000018441dafb50;
T_8 ;
    %wait E_0000018441ddffa0;
    %load/vec4 v0000018441ddcf50_0;
    %load/vec4 v0000018441ddd950_0;
    %nor/r;
    %and;
    %flag_set/vec4 8;
    %jmp/0xz  T_8.0, 8;
    %load/vec4 v0000018441ddc230_0;
    %load/vec4 v0000018441ddc690_0;
    %pad/u 5;
    %ix/vec4 3;
    %ix/load 4, 0, 0; Constant delay
    %assign/vec4/a/d v0000018441ddc2d0, 0, 4;
T_8.0 ;
    %jmp T_8;
    .thread T_8;
    .scope S_0000018441dafb50;
T_9 ;
    %wait E_0000018441ddf420;
    %load/vec4 v0000018441ddcff0_0;
    %load/vec4 v0000018441ddd8b0_0;
    %nor/r;
    %and;
    %flag_set/vec4 8;
    %jmp/0xz  T_9.0, 8;
    %load/vec4 v0000018441ddc190_0;
    %pad/u 5;
    %ix/vec4 4;
    %load/vec4a v0000018441ddc2d0, 4;
    %assign/vec4 v0000018441dddef0_0, 0;
T_9.0 ;
    %jmp T_9;
    .thread T_9;
    .scope S_0000018441da28c0;
T_10 ;
    %delay 10, 0;
    %load/vec4 v0000018441e3f8f0_0;
    %inv;
    %store/vec4 v0000018441e3f8f0_0, 0, 1;
    %jmp T_10;
    .thread T_10;
    .scope S_0000018441da28c0;
T_11 ;
    %delay 15, 0;
    %load/vec4 v0000018441e3e9f0_0;
    %inv;
    %store/vec4 v0000018441e3e9f0_0, 0, 1;
    %jmp T_11;
    .thread T_11;
    .scope S_0000018441da28c0;
T_12 ;
    %pushi/vec4 0, 0, 1;
    %store/vec4 v0000018441e3f8f0_0, 0, 1;
    %pushi/vec4 0, 0, 1;
    %store/vec4 v0000018441e3e9f0_0, 0, 1;
    %pushi/vec4 0, 0, 1;
    %store/vec4 v0000018441e3fa30_0, 0, 1;
    %pushi/vec4 0, 0, 1;
    %store/vec4 v0000018441e3f210_0, 0, 1;
    %pushi/vec4 0, 0, 1;
    %store/vec4 v0000018441e3f5d0_0, 0, 1;
    %pushi/vec4 0, 0, 1;
    %store/vec4 v0000018441e3e950_0, 0, 1;
    %pushi/vec4 0, 0, 8;
    %store/vec4 v0000018441e3f530_0, 0, 8;
    %wait E_0000018441ddffa0;
    %pushi/vec4 1, 0, 1;
    %store/vec4 v0000018441e3fa30_0, 0, 1;
    %pushi/vec4 1, 0, 1;
    %store/vec4 v0000018441e3f210_0, 0, 1;
    %vpi_call 2 81 "$display", "Time %0t: Reset applied", $time {0 0 0};
    %pushi/vec4 161, 0, 8;
    %store/vec4 v0000018441e3e770_0, 0, 8;
    %fork TD_tb_asyncfifo.write_data, S_0000018441e42460;
    %join;
    %pushi/vec4 178, 0, 8;
    %store/vec4 v0000018441e3e770_0, 0, 8;
    %fork TD_tb_asyncfifo.write_data, S_0000018441e42460;
    %join;
    %pushi/vec4 195, 0, 8;
    %store/vec4 v0000018441e3e770_0, 0, 8;
    %fork TD_tb_asyncfifo.write_data, S_0000018441e42460;
    %join;
    %pushi/vec4 212, 0, 8;
    %store/vec4 v0000018441e3e770_0, 0, 8;
    %fork TD_tb_asyncfifo.write_data, S_0000018441e42460;
    %join;
    %pushi/vec4 229, 0, 8;
    %store/vec4 v0000018441e3e770_0, 0, 8;
    %fork TD_tb_asyncfifo.write_data, S_0000018441e42460;
    %join;
    %pushi/vec4 246, 0, 8;
    %store/vec4 v0000018441e3e770_0, 0, 8;
    %fork TD_tb_asyncfifo.write_data, S_0000018441e42460;
    %join;
    %pushi/vec4 7, 0, 8;
    %store/vec4 v0000018441e3e770_0, 0, 8;
    %fork TD_tb_asyncfifo.write_data, S_0000018441e42460;
    %join;
    %pushi/vec4 24, 0, 8;
    %store/vec4 v0000018441e3e770_0, 0, 8;
    %fork TD_tb_asyncfifo.write_data, S_0000018441e42460;
    %join;
    %pushi/vec4 255, 0, 8;
    %store/vec4 v0000018441e3e770_0, 0, 8;
    %fork TD_tb_asyncfifo.write_data, S_0000018441e42460;
    %join;
    %fork TD_tb_asyncfifo.read_data, S_0000018441d56640;
    %join;
    %fork TD_tb_asyncfifo.read_data, S_0000018441d56640;
    %join;
    %fork TD_tb_asyncfifo.read_data, S_0000018441d56640;
    %join;
    %fork TD_tb_asyncfifo.read_data, S_0000018441d56640;
    %join;
    %fork TD_tb_asyncfifo.read_data, S_0000018441d56640;
    %join;
    %fork TD_tb_asyncfifo.read_data, S_0000018441d56640;
    %join;
    %fork TD_tb_asyncfifo.read_data, S_0000018441d56640;
    %join;
    %fork TD_tb_asyncfifo.read_data, S_0000018441d56640;
    %join;
    %fork TD_tb_asyncfifo.read_data, S_0000018441d56640;
    %join;
    %wait E_0000018441ddffa0;
    %pushi/vec4 0, 0, 1;
    %store/vec4 v0000018441e3fa30_0, 0, 1;
    %pushi/vec4 0, 0, 1;
    %store/vec4 v0000018441e3f210_0, 0, 1;
    %vpi_call 2 113 "$display", "Time %0t: Reset during operation", $time {0 0 0};
    %wait E_0000018441ddffa0;
    %pushi/vec4 1, 0, 1;
    %store/vec4 v0000018441e3fa30_0, 0, 1;
    %pushi/vec4 1, 0, 1;
    %store/vec4 v0000018441e3f210_0, 0, 1;
    %vpi_call 2 118 "$display", "Time %0t: Reset released", $time {0 0 0};
    %pushi/vec4 170, 0, 8;
    %store/vec4 v0000018441e3e770_0, 0, 8;
    %fork TD_tb_asyncfifo.write_data, S_0000018441e42460;
    %join;
    %pushi/vec4 187, 0, 8;
    %store/vec4 v0000018441e3e770_0, 0, 8;
    %fork TD_tb_asyncfifo.write_data, S_0000018441e42460;
    %join;
    %pushi/vec4 195, 0, 8;
    %store/vec4 v0000018441e3e770_0, 0, 8;
    %fork TD_tb_asyncfifo.write_data, S_0000018441e42460;
    %join;
    %pushi/vec4 212, 0, 8;
    %store/vec4 v0000018441e3e770_0, 0, 8;
    %fork TD_tb_asyncfifo.write_data, S_0000018441e42460;
    %join;
    %pushi/vec4 229, 0, 8;
    %store/vec4 v0000018441e3e770_0, 0, 8;
    %fork TD_tb_asyncfifo.write_data, S_0000018441e42460;
    %join;
    %pushi/vec4 246, 0, 8;
    %store/vec4 v0000018441e3e770_0, 0, 8;
    %fork TD_tb_asyncfifo.write_data, S_0000018441e42460;
    %join;
    %pushi/vec4 7, 0, 8;
    %store/vec4 v0000018441e3e770_0, 0, 8;
    %fork TD_tb_asyncfifo.write_data, S_0000018441e42460;
    %join;
    %pushi/vec4 24, 0, 8;
    %store/vec4 v0000018441e3e770_0, 0, 8;
    %fork TD_tb_asyncfifo.write_data, S_0000018441e42460;
    %join;
    %pushi/vec4 255, 0, 8;
    %store/vec4 v0000018441e3e770_0, 0, 8;
    %fork TD_tb_asyncfifo.write_data, S_0000018441e42460;
    %join;
    %fork TD_tb_asyncfifo.read_data, S_0000018441d56640;
    %join;
    %fork TD_tb_asyncfifo.read_data, S_0000018441d56640;
    %join;
    %fork TD_tb_asyncfifo.read_data, S_0000018441d56640;
    %join;
    %fork TD_tb_asyncfifo.read_data, S_0000018441d56640;
    %join;
    %fork TD_tb_asyncfifo.read_data, S_0000018441d56640;
    %join;
    %fork TD_tb_asyncfifo.read_data, S_0000018441d56640;
    %join;
    %fork TD_tb_asyncfifo.read_data, S_0000018441d56640;
    %join;
    %fork TD_tb_asyncfifo.read_data, S_0000018441d56640;
    %join;
    %fork TD_tb_asyncfifo.read_data, S_0000018441d56640;
    %join;
    %wait E_0000018441ddffa0;
    %pushi/vec4 0, 0, 1;
    %store/vec4 v0000018441e3fa30_0, 0, 1;
    %pushi/vec4 0, 0, 1;
    %store/vec4 v0000018441e3f210_0, 0, 1;
    %vpi_call 2 145 "$display", "Time %0t: Reset during operation", $time {0 0 0};
    %wait E_0000018441ddffa0;
    %pushi/vec4 1, 0, 1;
    %store/vec4 v0000018441e3fa30_0, 0, 1;
    %pushi/vec4 1, 0, 1;
    %store/vec4 v0000018441e3f210_0, 0, 1;
    %vpi_call 2 150 "$display", "Time %0t: Reset released", $time {0 0 0};
    %pushi/vec4 170, 0, 8;
    %store/vec4 v0000018441e3e770_0, 0, 8;
    %fork TD_tb_asyncfifo.write_data, S_0000018441e42460;
    %join;
    %fork TD_tb_asyncfifo.read_data, S_0000018441d56640;
    %join;
    %pushi/vec4 187, 0, 8;
    %store/vec4 v0000018441e3e770_0, 0, 8;
    %fork TD_tb_asyncfifo.write_data, S_0000018441e42460;
    %join;
    %fork TD_tb_asyncfifo.read_data, S_0000018441d56640;
    %join;
    %delay 10, 0;
    %vpi_call 2 160 "$finish" {0 0 0};
    %end;
    .thread T_12;
    .scope S_0000018441da28c0;
T_13 ;
    %vpi_call 2 164 "$dumpfile", "asyncfifo_tb.vcd" {0 0 0};
    %vpi_call 2 165 "$dumpvars", 32'sb00000000000000000000000000000000, S_0000018441da28c0 {0 0 0};
    %end;
    .thread T_13;
# The file index is used to find the file name in the following table.
:file_names 9;
    "N/A";
    "<interactive>";
    "tb_asyncfifo.v";
    "./asynchronous_fifo.v";
    "./fifomemory.v";
    "./readpointerhandler.v";
    "./g2bconverter2.v";
    "./two_fsynchroniser.v";
    "./writepointerhandler.v";
