#! /c/Source/iverilog-install/bin/vvp
:ivl_version "12.0 (devel)" "(s20150603-1539-g2693dd32b)";
:ivl_delay_selection "TYPICAL";
:vpi_time_precision + 0;
:vpi_module "C:\iverilog\lib\ivl\system.vpi";
:vpi_module "C:\iverilog\lib\ivl\vhdl_sys.vpi";
:vpi_module "C:\iverilog\lib\ivl\vhdl_textio.vpi";
:vpi_module "C:\iverilog\lib\ivl\v2005_math.vpi";
:vpi_module "C:\iverilog\lib\ivl\va_math.vpi";
S_000001ede04261f0 .scope module, "tb_g2bconverter" "tb_g2bconverter" 2 2;
 .timescale 0 0;
P_000001ede04251f0 .param/l "WIDTH" 0 2 4, +C4<00000000000000000000000000000100>;
v000001ede0487910_0 .net "binary", 3 0, L_000001ede0487f50;  1 drivers
v000001ede0488130_0 .var "gray", 3 0;
S_000001ede052bec0 .scope module, "converter" "g2bconverter2" 2 9, 3 1 0, S_000001ede04261f0;
 .timescale 0 0;
    .port_info 0 /OUTPUT 4 "data_out";
    .port_info 1 /INPUT 4 "data_in";
P_000001ede04256f0 .param/l "width" 0 3 1, +C4<00000000000000000000000000000100>;
v000001ede0488590_0 .net *"_ivl_16", 0 0, L_000001ede0487af0;  1 drivers
v000001ede0487870_0 .net "data_in", 3 0, v000001ede0488130_0;  1 drivers
v000001ede0488090_0 .net "data_out", 3 0, L_000001ede0487f50;  alias, 1 drivers
L_000001ede0487c30 .part L_000001ede0487f50, 3, 1;
L_000001ede0487eb0 .part v000001ede0488130_0, 2, 1;
L_000001ede0487cd0 .part L_000001ede0487f50, 2, 1;
L_000001ede0488770 .part v000001ede0488130_0, 1, 1;
L_000001ede0487e10 .part L_000001ede0487f50, 1, 1;
L_000001ede0487d70 .part v000001ede0488130_0, 0, 1;
L_000001ede0487f50 .concat8 [ 1 1 1 1], L_000001ede04888f0, L_000001ede0488b90, L_000001ede0526980, L_000001ede0487af0;
L_000001ede0487af0 .part v000001ede0488130_0, 3, 1;
S_000001ede052c050 .scope generate, "genblk1[0]" "genblk1[0]" 3 6, 3 6 0, S_000001ede052bec0;
 .timescale 0 0;
P_000001ede04252b0 .param/l "i" 0 3 6, +C4<00>;
L_000001ede04888f0 .functor XOR 1, L_000001ede0487e10, L_000001ede0487d70, C4<0>, C4<0>;
v000001ede052a6b0_0 .net *"_ivl_0", 0 0, L_000001ede0487e10;  1 drivers
v000001ede052ad00_0 .net *"_ivl_1", 0 0, L_000001ede0487d70;  1 drivers
v000001ede052a050_0 .net *"_ivl_2", 0 0, L_000001ede04888f0;  1 drivers
S_000001ede0433eb0 .scope generate, "genblk1[1]" "genblk1[1]" 3 6, 3 6 0, S_000001ede052bec0;
 .timescale 0 0;
P_000001ede04253f0 .param/l "i" 0 3 6, +C4<01>;
L_000001ede0488b90 .functor XOR 1, L_000001ede0487cd0, L_000001ede0488770, C4<0>, C4<0>;
v000001ede0526790_0 .net *"_ivl_0", 0 0, L_000001ede0487cd0;  1 drivers
v000001ede0426380_0 .net *"_ivl_1", 0 0, L_000001ede0488770;  1 drivers
v000001ede052c1e0_0 .net *"_ivl_2", 0 0, L_000001ede0488b90;  1 drivers
S_000001ede0434040 .scope generate, "genblk1[2]" "genblk1[2]" 3 6, 3 6 0, S_000001ede052bec0;
 .timescale 0 0;
P_000001ede04249f0 .param/l "i" 0 3 6, +C4<010>;
L_000001ede0526980 .functor XOR 1, L_000001ede0487c30, L_000001ede0487eb0, C4<0>, C4<0>;
v000001ede052c280_0 .net *"_ivl_0", 0 0, L_000001ede0487c30;  1 drivers
v000001ede0487b90_0 .net *"_ivl_1", 0 0, L_000001ede0487eb0;  1 drivers
v000001ede04883b0_0 .net *"_ivl_2", 0 0, L_000001ede0526980;  1 drivers
    .scope S_000001ede04261f0;
T_0 ;
    %pushi/vec4 0, 0, 4;
    %store/vec4 v000001ede0488130_0, 0, 4;
    %delay 10, 0;
    %vpi_call 2 17 "$display", "Gray: %b, Binary: %b", v000001ede0488130_0, v000001ede0487910_0 {0 0 0};
    %pushi/vec4 1, 0, 4;
    %store/vec4 v000001ede0488130_0, 0, 4;
    %delay 10, 0;
    %vpi_call 2 20 "$display", "Gray: %b, Binary: %b", v000001ede0488130_0, v000001ede0487910_0 {0 0 0};
    %pushi/vec4 12, 0, 4;
    %store/vec4 v000001ede0488130_0, 0, 4;
    %delay 10, 0;
    %vpi_call 2 23 "$display", "Gray: %b, Binary: %b", v000001ede0488130_0, v000001ede0487910_0 {0 0 0};
    %pushi/vec4 3, 0, 4;
    %store/vec4 v000001ede0488130_0, 0, 4;
    %delay 10, 0;
    %vpi_call 2 26 "$display", "Gray: %b, Binary: %b", v000001ede0488130_0, v000001ede0487910_0 {0 0 0};
    %pushi/vec4 2, 0, 4;
    %store/vec4 v000001ede0488130_0, 0, 4;
    %delay 10, 0;
    %vpi_call 2 29 "$display", "Gray: %b, Binary: %b", v000001ede0488130_0, v000001ede0487910_0 {0 0 0};
    %pushi/vec4 6, 0, 4;
    %store/vec4 v000001ede0488130_0, 0, 4;
    %delay 10, 0;
    %vpi_call 2 32 "$display", "Gray: %b, Binary: %b", v000001ede0488130_0, v000001ede0487910_0 {0 0 0};
    %pushi/vec4 7, 0, 4;
    %store/vec4 v000001ede0488130_0, 0, 4;
    %delay 10, 0;
    %vpi_call 2 35 "$display", "Gray: %b, Binary: %b", v000001ede0488130_0, v000001ede0487910_0 {0 0 0};
    %pushi/vec4 5, 0, 4;
    %store/vec4 v000001ede0488130_0, 0, 4;
    %delay 10, 0;
    %vpi_call 2 38 "$display", "Gray: %b, Binary: %b", v000001ede0488130_0, v000001ede0487910_0 {0 0 0};
    %pushi/vec4 4, 0, 4;
    %store/vec4 v000001ede0488130_0, 0, 4;
    %delay 10, 0;
    %vpi_call 2 41 "$display", "Gray: %b, Binary: %b", v000001ede0488130_0, v000001ede0487910_0 {0 0 0};
    %vpi_call 2 43 "$finish" {0 0 0};
    %end;
    .thread T_0;
    .scope S_000001ede04261f0;
T_1 ;
    %vpi_call 2 47 "$dumpfile", "tb_g2bconverter.vcd" {0 0 0};
    %vpi_call 2 48 "$dumpvars", 32'sb00000000000000000000000000000000, S_000001ede04261f0 {0 0 0};
    %end;
    .thread T_1;
# The file index is used to find the file name in the following table.
:file_names 4;
    "N/A";
    "<interactive>";
    "tb_g2bconverter.v";
    "./g2bconverter2.v";
