#! /c/Source/iverilog-install/bin/vvp
:ivl_version "12.0 (devel)" "(s20150603-1539-g2693dd32b)";
:ivl_delay_selection "TYPICAL";
:vpi_time_precision + 0;
:vpi_module "C:\iverilog\lib\ivl\system.vpi";
:vpi_module "C:\iverilog\lib\ivl\vhdl_sys.vpi";
:vpi_module "C:\iverilog\lib\ivl\vhdl_textio.vpi";
:vpi_module "C:\iverilog\lib\ivl\v2005_math.vpi";
:vpi_module "C:\iverilog\lib\ivl\va_math.vpi";
S_0000018bffc76540 .scope module, "two_fsynchroniser" "two_fsynchroniser" 2 1;
 .timescale 0 0;
    .port_info 0 /OUTPUT 4 "sync_out";
    .port_info 1 /INPUT 4 "data_in";
    .port_info 2 /INPUT 1 "clk";
    .port_info 3 /INPUT 1 "reset_n";
P_0000018bffc77f80 .param/l "WIDTH" 0 2 1, +C4<00000000000000000000000000000011>;
o0000018bffd36fb8 .functor BUFZ 1, C4<z>; HiZ drive
v0000018bffc76db0_0 .net "clk", 0 0, o0000018bffd36fb8;  0 drivers
o0000018bffd36fe8 .functor BUFZ 4, C4<zzzz>; HiZ drive
v0000018bffc766d0_0 .net "data_in", 3 0, o0000018bffd36fe8;  0 drivers
v0000018bffc76770_0 .var "q1", 3 0;
o0000018bffd37048 .functor BUFZ 1, C4<z>; HiZ drive
v0000018bffc76810_0 .net "reset_n", 0 0, o0000018bffd37048;  0 drivers
v0000018bffc7e080_0 .var "sync_out", 3 0;
E_0000018bffc78940 .event posedge, v0000018bffc76db0_0;
    .scope S_0000018bffc76540;
T_0 ;
    %wait E_0000018bffc78940;
    %load/vec4 v0000018bffc76810_0;
    %pad/u 32;
    %cmpi/e 0, 0, 32;
    %jmp/0xz  T_0.0, 4;
    %pushi/vec4 0, 0, 4;
    %assign/vec4 v0000018bffc76770_0, 0;
    %pushi/vec4 0, 0, 4;
    %assign/vec4 v0000018bffc7e080_0, 0;
    %jmp T_0.1;
T_0.0 ;
    %load/vec4 v0000018bffc766d0_0;
    %assign/vec4 v0000018bffc76770_0, 0;
    %load/vec4 v0000018bffc76770_0;
    %assign/vec4 v0000018bffc7e080_0, 0;
T_0.1 ;
    %jmp T_0;
    .thread T_0;
# The file index is used to find the file name in the following table.
:file_names 3;
    "N/A";
    "<interactive>";
    "two_fsynchroniser.v";
