#! /c/Source/iverilog-install/bin/vvp
:ivl_version "12.0 (devel)" "(s20150603-1539-g2693dd32b)";
:ivl_delay_selection "TYPICAL";
:vpi_time_precision + 0;
:vpi_module "C:\iverilog\lib\ivl\system.vpi";
:vpi_module "C:\iverilog\lib\ivl\vhdl_sys.vpi";
:vpi_module "C:\iverilog\lib\ivl\vhdl_textio.vpi";
:vpi_module "C:\iverilog\lib\ivl\v2005_math.vpi";
:vpi_module "C:\iverilog\lib\ivl\va_math.vpi";
S_000001f50125c070 .scope module, "writepointerhandler" "writepointerhandler" 2 2;
 .timescale 0 0;
    .port_info 0 /OUTPUT 4 "b_wptr";
    .port_info 1 /OUTPUT 4 "g_wptr";
    .port_info 2 /OUTPUT 1 "full";
    .port_info 3 /INPUT 4 "g_rptr_sync";
    .port_info 4 /INPUT 1 "wrst_n";
    .port_info 5 /INPUT 1 "wclk";
    .port_info 6 /INPUT 1 "w_en";
P_000001f501294d40 .param/l "PTRWIDTH" 0 2 2, +C4<00000000000000000000000000000011>;
L_000001f501299bd0 .functor AND 4, L_000001f5012fc130, L_000001f5012fc810, C4<1111>, C4<1111>;
v000001f50129b3b0_0 .net *"_ivl_0", 3 0, L_000001f5012fc130;  1 drivers
v000001f50129c0d0_0 .net *"_ivl_10", 3 0, L_000001f501299bd0;  1 drivers
L_000001f5012fd018 .functor BUFT 1, C4<000>, C4<0>, C4<0>, C4<0>;
v000001f50129b950_0 .net *"_ivl_3", 2 0, L_000001f5012fd018;  1 drivers
v000001f50129bbd0_0 .net *"_ivl_5", 0 0, L_000001f5012fb730;  1 drivers
v000001f50129b4f0_0 .net *"_ivl_6", 3 0, L_000001f5012fc810;  1 drivers
L_000001f5012fd060 .functor BUFT 1, C4<000>, C4<0>, C4<0>, C4<0>;
v000001f50129c210_0 .net *"_ivl_9", 2 0, L_000001f5012fd060;  1 drivers
v000001f50129bd10_0 .var "b_wptr", 3 0;
v000001f50129be50_0 .net "b_wptr_next", 3 0, L_000001f5012fc630;  1 drivers
v000001f50129b9f0_0 .net "binary", 3 0, L_000001f5012fba50;  1 drivers
v000001f50129b590_0 .var "full", 0 0;
o000001f5012aa158 .functor BUFZ 4, C4<zzzz>; HiZ drive
v000001f50129b630_0 .net "g_rptr_sync", 3 0, o000001f5012aa158;  0 drivers
v000001f50129ba90_0 .var "g_wptr", 3 0;
o000001f5012aa3f8 .functor BUFZ 1, C4<z>; HiZ drive
v000001f50129bb30_0 .net "w_en", 0 0, o000001f5012aa3f8;  0 drivers
o000001f5012aa428 .functor BUFZ 1, C4<z>; HiZ drive
v000001f5012fc590_0 .net "wclk", 0 0, o000001f5012aa428;  0 drivers
o000001f5012aa458 .functor BUFZ 1, C4<z>; HiZ drive
v000001f5012fb230_0 .net "wrst_n", 0 0, o000001f5012aa458;  0 drivers
E_000001f501294740/0 .event negedge, v000001f5012fb230_0;
E_000001f501294740/1 .event posedge, v000001f5012fc590_0;
E_000001f501294740 .event/or E_000001f501294740/0, E_000001f501294740/1;
L_000001f5012fc130 .concat [ 1 3 0 0], o000001f5012aa3f8, L_000001f5012fd018;
L_000001f5012fb730 .reduce/nor v000001f50129b590_0;
L_000001f5012fc810 .concat [ 1 3 0 0], L_000001f5012fb730, L_000001f5012fd060;
L_000001f5012fc630 .arith/sum 4, v000001f50129bd10_0, L_000001f501299bd0;
S_000001f50125c200 .scope module, "uut2" "g2bconverter2" 2 34, 3 1 0, S_000001f50125c070;
 .timescale 0 0;
    .port_info 0 /OUTPUT 4 "data_out";
    .port_info 1 /INPUT 4 "data_in";
P_000001f501294800 .param/l "width" 0 3 1, +C4<000000000000000000000000000000100>;
v000001f50129b450_0 .net *"_ivl_16", 0 0, L_000001f5012fb690;  1 drivers
v000001f50129b810_0 .net "data_in", 3 0, o000001f5012aa158;  alias, 0 drivers
v000001f50129c030_0 .net "data_out", 3 0, L_000001f5012fba50;  alias, 1 drivers
L_000001f5012fbeb0 .part L_000001f5012fba50, 3, 1;
L_000001f5012fbcd0 .part o000001f5012aa158, 2, 1;
L_000001f5012fc090 .part L_000001f5012fba50, 2, 1;
L_000001f5012fc8b0 .part o000001f5012aa158, 1, 1;
L_000001f5012fcbd0 .part L_000001f5012fba50, 1, 1;
L_000001f5012fc6d0 .part o000001f5012aa158, 0, 1;
L_000001f5012fba50 .concat8 [ 1 1 1 1], L_000001f501299d20, L_000001f50129a030, L_000001f501299e70, L_000001f5012fb690;
L_000001f5012fb690 .part o000001f5012aa158, 3, 1;
S_000001f501256400 .scope generate, "genblk1[0]" "genblk1[0]" 3 5, 3 5 0, S_000001f50125c200;
 .timescale 0 0;
P_000001f501295100 .param/l "i" 0 3 5, +C4<00>;
L_000001f501299d20 .functor XOR 1, L_000001f5012fcbd0, L_000001f5012fc6d0, C4<0>, C4<0>;
v000001f50129b6d0_0 .net *"_ivl_0", 0 0, L_000001f5012fcbd0;  1 drivers
v000001f50129c170_0 .net *"_ivl_1", 0 0, L_000001f5012fc6d0;  1 drivers
v000001f50129b770_0 .net *"_ivl_2", 0 0, L_000001f501299d20;  1 drivers
S_000001f5012a4400 .scope generate, "genblk1[1]" "genblk1[1]" 3 5, 3 5 0, S_000001f50125c200;
 .timescale 0 0;
P_000001f501295040 .param/l "i" 0 3 5, +C4<01>;
L_000001f50129a030 .functor XOR 1, L_000001f5012fc090, L_000001f5012fc8b0, C4<0>, C4<0>;
v000001f50129bef0_0 .net *"_ivl_0", 0 0, L_000001f5012fc090;  1 drivers
v000001f50129c2b0_0 .net *"_ivl_1", 0 0, L_000001f5012fc8b0;  1 drivers
v000001f50129bc70_0 .net *"_ivl_2", 0 0, L_000001f50129a030;  1 drivers
S_000001f501256590 .scope generate, "genblk1[2]" "genblk1[2]" 3 5, 3 5 0, S_000001f50125c200;
 .timescale 0 0;
P_000001f501294940 .param/l "i" 0 3 5, +C4<010>;
L_000001f501299e70 .functor XOR 1, L_000001f5012fbeb0, L_000001f5012fbcd0, C4<0>, C4<0>;
v000001f50129bdb0_0 .net *"_ivl_0", 0 0, L_000001f5012fbeb0;  1 drivers
v000001f50129bf90_0 .net *"_ivl_1", 0 0, L_000001f5012fbcd0;  1 drivers
v000001f50129b8b0_0 .net *"_ivl_2", 0 0, L_000001f501299e70;  1 drivers
    .scope S_000001f50125c070;
T_0 ;
    %wait E_000001f501294740;
    %load/vec4 v000001f5012fb230_0;
    %pad/u 32;
    %cmpi/e 0, 0, 32;
    %jmp/0xz  T_0.0, 4;
    %pushi/vec4 0, 0, 4;
    %assign/vec4 v000001f50129bd10_0, 0;
    %pushi/vec4 0, 0, 4;
    %assign/vec4 v000001f50129ba90_0, 0;
    %pushi/vec4 0, 0, 1;
    %assign/vec4 v000001f50129b590_0, 0;
    %jmp T_0.1;
T_0.0 ;
    %load/vec4 v000001f50129b590_0;
    %nor/r;
    %flag_set/vec4 9;
    %flag_get/vec4 9;
    %jmp/0 T_0.4, 9;
    %load/vec4 v000001f50129bb30_0;
    %and;
T_0.4;
    %flag_set/vec4 8;
    %jmp/0xz  T_0.2, 8;
    %load/vec4 v000001f50129be50_0;
    %assign/vec4 v000001f50129bd10_0, 0;
    %load/vec4 v000001f50129be50_0;
    %load/vec4 v000001f50129be50_0;
    %ix/load 4, 1, 0;
    %flag_set/imm 4, 0;
    %shiftr 4;
    %xor;
    %assign/vec4 v000001f50129ba90_0, 0;
T_0.2 ;
T_0.1 ;
    %jmp T_0;
    .thread T_0;
    .scope S_000001f50125c070;
T_1 ;
    %wait E_000001f501294740;
    %load/vec4 v000001f50129bd10_0;
    %parti/s 1, 3, 3;
    %load/vec4 v000001f50129b9f0_0;
    %parti/s 1, 3, 3;
    %cmp/ne;
    %flag_get/vec4 4;
    %load/vec4 v000001f50129bd10_0;
    %parti/s 3, 0, 2;
    %load/vec4 v000001f50129b9f0_0;
    %parti/s 3, 0, 2;
    %cmp/e;
    %flag_get/vec4 4;
    %and;
    %assign/vec4 v000001f50129b590_0, 0;
    %jmp T_1;
    .thread T_1;
# The file index is used to find the file name in the following table.
:file_names 4;
    "N/A";
    "<interactive>";
    "writepointerhandler.v";
    "./g2bconverter2.v";
